<?xml version="1.0" encoding="UTF-8"?>
<!-- Generated by org.testng.reporters.JUnitReportReporter -->
<testsuite skipped="0" hostname="DESKTOP-UPKUH47" name="TestngDemo" tests="2" failures="0" timestamp="2020-11-04T16:22:13 IST" time="0.022" errors="0">
  <testcase name="a" time="0.007" classname="TestngDemo"/>
  <system-out/>
  <testcase name="f" time="0.015" classname="TestngDemo"/>
  <system-out/>
</testsuite> <!-- TestngDemo -->
