<?xml version="1.0" encoding="UTF-8"?>
<!-- Generated by org.testng.reporters.JUnitReportReporter -->
<testsuite skipped="0" hostname="DESKTOP-UPKUH47" name="Testng1.TestNgdemo2" tests="2" failures="0" timestamp="2020-11-06T12:56:13 IST" time="0.006" errors="0">
  <testcase name="f" time="0.004" classname="Testng1.TestNgdemo2"/>
  <system-out/>
  <testcase name="Write" time="0.002" classname="Testng1.TestNgdemo2"/>
  <system-out/>
</testsuite> <!-- Testng1.TestNgdemo2 -->
