<?xml version="1.0" encoding="UTF-8"?>
<!-- Generated by org.testng.reporters.JUnitReportReporter -->
<testsuite skipped="0" hostname="DESKTOP-UPKUH47" name="com.test.seliniumOct1.ReadExcel" tests="1" failures="0" timestamp="2020-11-06T15:20:00 IST" time="0.767" errors="0">
  <testcase name="read" time="0.767" classname="com.test.seliniumOct1.ReadExcel"/>
  <system-out/>
</testsuite> <!-- com.test.seliniumOct1.ReadExcel -->
