<?xml version="1.0" encoding="UTF-8"?>
<!-- Generated by org.testng.reporters.JUnitReportReporter -->
<testsuite skipped="0" hostname="DESKTOP-UPKUH47" name="Testng1.TestngDemo" tests="2" failures="0" timestamp="2020-11-06T12:56:13 IST" time="0.020" errors="0">
  <testcase name="a" time="0.014" classname="Testng1.TestngDemo"/>
  <system-out/>
  <testcase name="f" time="0.006" classname="Testng1.TestngDemo"/>
  <system-out/>
</testsuite> <!-- Testng1.TestngDemo -->
